{"C:\\workspace\\SharePointModern\\SharePointModern\\spfx\\SampleSpfxReactTestingProject\\src\\webparts\\sampleTesting\\components\\SampleTesting.tsx": {"path":"C:\\workspace\\SharePointModern\\SharePointModern\\spfx\\SampleSpfxReactTestingProject\\src\\webparts\\sampleTesting\\components\\SampleTesting.tsx","statementMap":{"0":{"start":{"line":1,"column":0},"end":{"line":1,"column":31}},"1":{"start":{"line":2,"column":0},"end":{"line":2,"column":49}},"2":{"start":{"line":6,"column":0},"end":{"line":6,"column":100}},"3":{"start":{"line":6,"column":43},"end":{"line":6,"column":48}},"4":{"start":{"line":9,"column":4},"end":{"line":9,"column":null}},"5":{"start":{"line":15,"column":9},"end":{"line":19,"column":null}},"6":{"start":{"line":16,"column":4},"end":{"line":18,"column":7}},"7":{"start":{"line":10,"column":4},"end":{"line":12,"column":6}},"8":{"start":{"line":21,"column":9},"end":{"line":35,"column":null}},"9":{"start":{"line":22,"column":4},"end":{"line":34,"column":6}},"10":{"start":{"line":36,"column":0},"end":{"line":36,"column":null}}},"fnMap":{"0":{"name":"(anonymous_6)","decl":{"start":{"line":6,"column":0},"end":{"line":6,"column":43}},"loc":{"start":{"line":6,"column":0},"end":{"line":36,"column":null}}},"1":{"name":"SampleTesting","decl":{"start":{"line":8,"column":2},"end":{"line":8,"column":14}},"loc":{"start":{"line":8,"column":19},"end":{"line":13,"column":3}}},"2":{"name":"(anonymous_8)","decl":{"start":{"line":15,"column":29},"end":{"line":15,"column":null}},"loc":{"start":{"line":15,"column":29},"end":{"line":19,"column":3}}},"3":{"name":"(anonymous_9)","decl":{"start":{"line":21,"column":2},"end":{"line":21,"column":9}},"loc":{"start":{"line":21,"column":2},"end":{"line":35,"column":3}}}},"branchMap":{"0":{"loc":{"start":{"line":9,"column":4},"end":{"line":9,"column":16}},"type":"binary-expr","locations":[{"start":{"line":9,"column":4},"end":{"line":9,"column":16}},{"start":{"line":9,"column":16},"end":{"line":9,"column":null}}]}},"s":{"0":1,"1":1,"2":1,"3":1,"4":3,"5":3,"6":1,"7":3,"8":1,"9":4,"10":1},"f":{"0":1,"1":3,"2":1,"3":4},"b":{"0":[3,3]}}
}
